<?xml version="1.0" encoding="UTF-8"?>
<testsuite name="ViewerTest" tests="1" skipped="0" failures="0" errors="0" timestamp="2021-08-05T17:12:20" hostname="DESKTOP-6TGII4C" time="0.676">
  <properties/>
  <testcase name="start" classname="ViewerTest" time="0.676"/>
  <system-out><![CDATA[?[1;31m
Start test 1?[0m
]]></system-out>
  <system-err><![CDATA[]]></system-err>
</testsuite>
